<?xml version="1.0" encoding="UTF-8"?>
<!-- Generated by org.testng.reporters.JUnitXMLReporter -->
<testsuite ignored="0" hostname="Look-ahead" failures="0" tests="3" name="CustomerTest" time="134.223" errors="0" timestamp="12 Aug 2019 17:11:23 GMT">
  <testcase classname="com.nopCommerce.testcases.TC_LoginTest1" name="LoginTest" time="28.161"/>
  <testcase classname="com.nopCommerce.testcases.TC_LoginTestDDT" name="logInTest" time="14.171"/>
  <testcase classname="com.nopCommerce.testcases.TC_AddNewCustomerTest" name="addNewCustomerTest" time="25.631"/>
</testsuite> <!-- CustomerTest -->
