<?xml version="1.0" encoding="UTF-8"?>
<testsuite xmlns:xsi="http://www.w3.org/2001/XMLSchema-instance" xsi:schemaLocation="https://maven.apache.org/surefire/maven-surefire-plugin/xsd/surefire-test-report.xsd" name="TestSuite" time="136.295" tests="3" errors="0" skipped="0" failures="0">
  <properties>
[...]
</properties>
  <testcase name="LoginTest" classname="com.nopCommerce.testcases.TC_LoginTest1" time="28.161"/>
  <testcase name="logInTest" classname="com.nopCommerce.testcases.TC_LoginTestDDT" time="14.167"/>
  <testcase name="addNewCustomerTest" classname="com.nopCommerce.testcases.TC_AddNewCustomerTest" time="25.63"/>
</testsuite>